Run Information
========================
cognizant.intelligent.test.scripter.engine : 2.0
java.runtime.name    : Java(TM) SE Runtime Environment
java.version         : 17.0.12
java.home            : C:\Program Files\Java\jdk-17
os.name              : Windows 10
os.arch              : amd64
os.version           : 10.0
file.encoding        : UTF-8
========================
Run Started on Mon Dec 02 16:51:20 IST 2024
Loading Browser Profile
Loading RunManager
[Scenario:SC001_Request HSK with quantity] [TestCase: TC078_Escalation Lights request National Harbour] [Description: Test Run] [Browser: Chrome] [BrowserVersion: default] [Platform: ANY][ExistingBrowser: false]
Initializing Report
[Thread-24] WARN com.cognizant.cognizantits.engine.core.TMIntegration - TM integration disabled for testcases running via design mode
ApiLink not available!!
Run Manager true
Continue Execution true
Shutting Down Thread as there is no need for SelectiveThreading
Running Iteration 1
Launching Chrome
Launching Local Driver
Starting ChromeDriver 131.0.6778.69 (77e2244bbcda3ab9362d5b8aeeb006a86a6d4832-refs/branch-heads/6778@{#2141}) on port 34416
Only local connections are allowed.
Please see https://chromedriver.chromium.org/security-considerations for suggestions on keeping ChromeDriver safe.
ChromeDriver was started successfully on port 34416.
2024-12-02 16:51:22:12S +0530 [INFO] org.openqa.selenium.remote.ProtocolHandshake createSession:Detected dialect: W3C
Chrome Launched
Step:1   | Object: Browser | Action: Open | Input: National harbour URL:URL | Conditon:  | @02-Dec-2024 16:51:22.022
[DONE]   | Opened Url: file:///C:/Users/AGOPAL/OneDrive%20-%20MGM%20Resorts%20International/E-chat/Mobile%20app%20data/Bot%20-%20QA%20National%20Harbour%20LCO.html

===================================================================================================

Step:2   | Object: Browser | Action: pause | Input: @5000 | Conditon:  | @02-Dec-2024 16:51:23.023
[DONE]   | Thread sleep for '5000

===================================================================================================

Step:3   | Object: Let's Chat button | Action: Click | Input:  | Conditon:  | @02-Dec-2024 16:51:28.028
Using @relative_xpath [//label[@id='oc-lcw-chat-button-subtitle']], Object 'Let's Chat button' Found in 68 ms
[DONE]   | Clicking on Let's Chat button

===================================================================================================

Step:4   | Object: Browser | Action: pause | Input: @10000 | Conditon:  | @02-Dec-2024 16:51:29.029
[DONE]   | Thread sleep for '10000

===================================================================================================

Step:5   | Object: Start conversation text | Action: assertElementPresent | Input:  | Conditon:  | @02-Dec-2024 16:51:39.039
Using @relative_xpath [//div[@class='webchat__stacked-layout__content']//div[2]//*[contains(text(),'Welcome to our Digital Concierge. Easy access to hotel services and reservation assistance.')]], Object 'Start conversation text' Found in 28 ms
[PASS]   | Element [Start conversation text] is Present

===================================================================================================

Step:6   | Object: Browser | Action: pause | Input: @3000 | Conditon:  | @02-Dec-2024 16:51:39.039
[DONE]   | Thread sleep for '3000

===================================================================================================

Step:1   | Object: Chat text box | Action: assertElementPresent | Input:  | Conditon:  | @02-Dec-2024 16:51:42.042
Using @relative_xpath [//div[@class='webchat__send-box__main']//form[1]//textarea[@aria-label='Message input box']], Object 'Chat text box' Found in 27 ms
[PASS]   | Element [Chat text box] is Present

===================================================================================================

Step:2   | Object: Chat text box | Action: doubleClickElement | Input:  | Conditon:  | @02-Dec-2024 16:51:43.043
Using @relative_xpath [//div[@class='webchat__send-box__main']//form[1]//textarea[@aria-label='Message input box']], Object 'Chat text box' Found in 48 ms
[DONE]   | '[[ChromeDriver: chrome on WINDOWS (33d0c86492045ef182ea53942c1c48d6)] -> xpath: //div[@class='webchat__send-box__main']//form[1]//textarea[@aria-label='Message input box']]' is doubleClicked

===================================================================================================

Step:3   | Object: Chat text box | Action: Set | Input: Light:Utterance | Conditon:  | @02-Dec-2024 16:51:43.043
Using @relative_xpath [//div[@class='webchat__send-box__main']//form[1]//textarea[@aria-label='Message input box']], Object 'Chat text box' Found in 27 ms
[DONE]   | Entered Text 'Iâ€™m having trouble with the lights in my room. Can you arrange for maintenance to take a look?' on 'Chat text box'

===================================================================================================

Step:4   | Object: Send button | Action: ClickIfExists | Input:  | Conditon:  | @02-Dec-2024 16:51:43.043
Using @relative_xpath [//div[@class='webchat__send-box__main']//button[@title='Send']], Object 'Send button' Found in 24 ms
[DONE]   | Clicking on Send button

===================================================================================================

Step:5   | Object: Browser | Action: pause | Input: @5000 | Conditon:  | @02-Dec-2024 16:51:43.043
[DONE]   | Thread sleep for '5000

===================================================================================================

Step:3   | Object: Browser | Action: pause | Input: @5000 | Conditon:  | @02-Dec-2024 16:51:48.048
[DONE]   | Thread sleep for '5000

===================================================================================================

Step:4   | Object: Escalation message | Action: assertElementPresent | Input:  | Conditon:  | @02-Dec-2024 16:51:53.053
Element could not be identified with [relative_xpath] : [//div[@class='webchat__stacked-layout__main']//div[@class='webchat__stacked-layout__content']//div[@class='webchat__bubble__content']//*[contains(text(),'connect you with a live agent')]]
Expected condition failed: waiting for presence of any elements located by By.xpath: //div[@class='webchat__stacked-layout__main']//div[@class='webchat__stacked-layout__content']//div[@class='webchat__bubble__content']//*[contains(text(),'connect you with a live agent')] (tried for 10 second(s) with 500 milliseconds interval)

2024-12-02 16:52:04:12S +0530 [OFF ] com.cognizant.cognizantits.engine.drivers.AutomationObject getElements:null
org.openqa.selenium.TimeoutException: Expected condition failed: waiting for com.cognizant.cognizantits.engine.drivers.AutomationObject$$Lambda$691/0x00000244816c6df0@4716a580 (tried for 10 second(s) with 500 milliseconds interval)
Build info: version: '3.141.59', revision: 'e82be7d358', time: '2018-11-14T08:17:03'
System info: host: 'CTXPCONTWRK2445', ip: '10.76.140.38', os.name: 'Windows 10', os.arch: 'amd64', os.version: '10.0', java.version: '17.0.12'
Driver info: org.openqa.selenium.chrome.ChromeDriver
Capabilities {acceptInsecureCerts: false, browserName: chrome, browserVersion: 131.0.6778.86, chrome: {chromedriverVersion: 131.0.6778.69 (77e2244bbcda..., userDataDir: C:\Users\AGOPAL\AppData\Loc...}, fedcm:accounts: true, goog:chromeOptions: {debuggerAddress: localhost:49459}, javascriptEnabled: true, networkConnectionEnabled: false, pageLoadStrategy: normal, platform: WINDOWS, platformName: WINDOWS, proxy: Proxy(), setWindowRect: true, strictFileInteractability: false, timeouts: {implicit: 0, pageLoad: 300000, script: 30000}, unhandledPromptBehavior: dismiss and notify, webauthn:extension:credBlob: true, webauthn:extension:largeBlob: true, webauthn:extension:minPinLength: true, webauthn:extension:prf: true, webauthn:virtualAuthenticators: true}
Session ID: 33d0c86492045ef182ea53942c1c48d6
	at org.openqa.selenium.support.ui.WebDriverWait.timeoutException(WebDriverWait.java:95)
	at org.openqa.selenium.support.ui.FluentWait.until(FluentWait.java:272)
	at com.cognizant.cognizantits.engine.drivers.AutomationObject.getElements(AutomationObject.java:322)
	at com.cognizant.cognizantits.engine.drivers.AutomationObject.getWElements(AutomationObject.java:273)
	at com.cognizant.cognizantits.engine.drivers.AutomationObject.findElements(AutomationObject.java:260)
	at com.cognizant.cognizantits.engine.drivers.AutomationObject.findElement(AutomationObject.java:136)
	at com.cognizant.cognizantits.engine.drivers.AutomationObject.findElement(AutomationObject.java:129)
	at com.cognizant.cognizantits.engine.core.CommandControl.sync(CommandControl.java:98)
	at com.cognizant.cognizantits.engine.core.CommandControl.sync(CommandControl.java:183)
	at com.cognizant.cognizantits.engine.execution.run.TestStepRunner.executeStep(TestStepRunner.java:160)
	at com.cognizant.cognizantits.engine.execution.run.TestStepRunner.executeStep(TestStepRunner.java:147)
	at com.cognizant.cognizantits.engine.execution.run.TestStepRunner.run(TestStepRunner.java:66)
	at com.cognizant.cognizantits.engine.execution.run.TestCaseRunner.runStep(TestCaseRunner.java:397)
	at com.cognizant.cognizantits.engine.execution.run.TestCaseRunner.run(TestCaseRunner.java:348)
	at com.cognizant.cognizantits.engine.core.Task.runIteration(Task.java:127)
	at com.cognizant.cognizantits.engine.core.Task.run(Task.java:83)
	at java.base/java.util.concurrent.ThreadPoolExecutor.runWorker(ThreadPoolExecutor.java:1136)
	at java.base/java.util.concurrent.ThreadPoolExecutor$Worker.run(ThreadPoolExecutor.java:635)
	at java.base/java.lang.Thread.run(Thread.java:842)

Couldn't find Object 'Escalation message' in stipulated Time '10' Seconds
[FAIL]   | Element [Escalation message] is not Present

===================================================================================================

2024-12-02 16:52:04:12S +0530 [SEVERE] com.cognizant.cognizantits.engine.execution.run.TestCaseRunner onRuntimeException:Element [Escalation message] is not Present
com.cognizant.cognizantits.engine.execution.exception.ForcedException: Element [Escalation message] is not Present
	at com.cognizant.cognizantits.engine.commands.AssertElement.assertElement(AssertElement.java:82)
	at com.cognizant.cognizantits.engine.commands.AssertElement.assertElement(AssertElement.java:87)
	at com.cognizant.cognizantits.engine.commands.AssertElement.assertElementPresent(AssertElement.java:57)
	at com.cognizant.cognizantits.engine.support.reflect.MethodExecutor.executeMethod(MethodExecutor.java:39)
	at com.cognizant.cognizantits.engine.execution.run.TestStepRunner.executeAction(TestStepRunner.java:165)
	at com.cognizant.cognizantits.engine.execution.run.TestStepRunner.executeStep(TestStepRunner.java:161)
	at com.cognizant.cognizantits.engine.execution.run.TestStepRunner.executeStep(TestStepRunner.java:147)
	at com.cognizant.cognizantits.engine.execution.run.TestStepRunner.run(TestStepRunner.java:66)
	at com.cognizant.cognizantits.engine.execution.run.TestCaseRunner.runStep(TestCaseRunner.java:397)
	at com.cognizant.cognizantits.engine.execution.run.TestCaseRunner.run(TestCaseRunner.java:348)
	at com.cognizant.cognizantits.engine.core.Task.runIteration(Task.java:127)
	at com.cognizant.cognizantits.engine.core.Task.run(Task.java:83)
	at java.base/java.util.concurrent.ThreadPoolExecutor.runWorker(ThreadPoolExecutor.java:1136)
	at java.base/java.util.concurrent.ThreadPoolExecutor$Worker.run(ThreadPoolExecutor.java:635)
	at java.base/java.lang.Thread.run(Thread.java:842)


---------------------------------------------------
Testcase Name        : SC001_Request HSK with quantity:TC078_Escalation Lights request National Harbour
Executed Steps       : 13
Passed Steps         : 12
Failed Steps         : 1
Time Taken           : 00:00:44
-----------------------------------------------------

Run Finished on Mon Dec 02 16:52:04 IST 2024
-----------------------------------------------------
ExecutionDate        : 02-Dec-2024 16-51-20
Executed TestCases   : 1
Passed TestCases     : 0
Failed TestCases     : 1
Time Taken           : 00:00:44
ReportPath           : file:///C:\Users\AGOPAL\Downloads\cognizant-intelligent-test-scripter-2.0-setup\cognizant-intelligent-test-scripter-2.0\Projects\E Chat Mobile bot\Results\TestDesign\SC001_Request HSK with quantity\TC078_Escalation Lights request National Harbour\02-Dec-2024 16-51-20\summary.html
-----------------------------------------------------
[Thread-24] INFO com.cognizant.cognizantits.engine.support.DesktopApi - Trying to Open - C:\Users\AGOPAL\Downloads\cognizant-intelligent-test-scripter-2.0-setup\cognizant-intelligent-test-scripter-2.0\Projects\E Chat Mobile bot\Results\TestDesign\SC001_Request HSK with quantity\TC078_Escalation Lights request National Harbour\02-Dec-2024 16-51-20\summary.html
[Thread-24] INFO com.cognizant.cognizantits.engine.support.DesktopApi - Trying to exec: [explorer] [%s] [C:\Users\AGOPAL\Downloads\cognizant-intelligent-test-scripter-2.0-setup\cognizant-intelligent-test-scripter-2.0\Projects\E Chat Mobile bot\Results\TestDesign\SC001_Request HSK with quantity\TC078_Escalation Lights request National Harbour\02-Dec-2024 16-51-20\summary.html]
