Run Information
========================
cognizant.intelligent.test.scripter.engine : 2.0
java.runtime.name    : Java(TM) SE Runtime Environment
java.version         : 17.0.12
java.home            : C:\Program Files\Java\jdk-17
os.name              : Windows 10
os.arch              : amd64
os.version           : 10.0
file.encoding        : UTF-8
========================
Run Started on Mon Oct 21 16:12:17 IST 2024
Loading Browser Profile
Loading RunManager
[Scenario:SC001_Request HSK with quantity] [TestCase: TC006_Dental kit request Aria] [Description: Test Run] [Browser: Chrome] [BrowserVersion: default] [Platform: ANY][ExistingBrowser: false]
Initializing Report
[Thread-15] WARN com.cognizant.cognizantits.engine.core.TMIntegration - TM integration disabled for testcases running via design mode
ApiLink not available!!
Run Manager true
Continue Execution true
Shutting Down Thread as there is no need for SelectiveThreading
Running Iteration 1
Launching Chrome
Launching Local Driver
Starting ChromeDriver 129.0.6668.70 (df87d5cf12b1397be7495a04cab2db6239b227a8-refs/branch-heads/6668@{#1420}) on port 4483
Only local connections are allowed.
Please see https://chromedriver.chromium.org/security-considerations for suggestions on keeping ChromeDriver safe.
ChromeDriver was started successfully on port 4483.
2024-10-21 16:12:19:10S +0530 [INFO] org.openqa.selenium.remote.ProtocolHandshake createSession:Detected dialect: W3C
Chrome Launched
Step:0   | Object:  | Action:  | Input:  | Conditon:  | @21-Oct-2024 16:12:19.019
[ERROR][Could not find Action:]
[DEBUG]   | [Could not find Action]

===================================================================================================

Step:1   | Object: Chat text box | Action: assertElementPresent | Input:  | Conditon:  | @21-Oct-2024 16:12:19.019
Element could not be identified with [relative_xpath] : [//div[@class='webchat__send-box__main']//form[1]//textarea[@aria-label='Message input box']]
Expected condition failed: waiting for presence of any elements located by By.xpath: //div[@class='webchat__send-box__main']//form[1]//textarea[@aria-label='Message input box'] (tried for 10 second(s) with 500 milliseconds interval)

2024-10-21 16:12:29:10S +0530 [OFF ] com.cognizant.cognizantits.engine.drivers.AutomationObject getElements:null
org.openqa.selenium.TimeoutException: Expected condition failed: waiting for com.cognizant.cognizantits.engine.drivers.AutomationObject$$Lambda$701/0x0000022dd96b31d8@120a6b92 (tried for 10 second(s) with 500 milliseconds interval)
Build info: version: '3.141.59', revision: 'e82be7d358', time: '2018-11-14T08:17:03'
System info: host: 'CTXPCONTWRK2445', ip: '10.76.140.38', os.name: 'Windows 10', os.arch: 'amd64', os.version: '10.0', java.version: '17.0.12'
Driver info: org.openqa.selenium.chrome.ChromeDriver
Capabilities {acceptInsecureCerts: false, browserName: chrome, browserVersion: 129.0.6668.103, chrome: {chromedriverVersion: 129.0.6668.70 (df87d5cf12b1..., userDataDir: C:\Users\AGOPAL\AppData\Loc...}, fedcm:accounts: true, goog:chromeOptions: {debuggerAddress: localhost:53113}, javascriptEnabled: true, networkConnectionEnabled: false, pageLoadStrategy: normal, platform: WINDOWS, platformName: WINDOWS, proxy: Proxy(), setWindowRect: true, strictFileInteractability: false, timeouts: {implicit: 0, pageLoad: 300000, script: 30000}, unhandledPromptBehavior: dismiss and notify, webauthn:extension:credBlob: true, webauthn:extension:largeBlob: true, webauthn:extension:minPinLength: true, webauthn:extension:prf: true, webauthn:virtualAuthenticators: true}
Session ID: 79e985ea5aaed171cf266cf10cf75478
	at org.openqa.selenium.support.ui.WebDriverWait.timeoutException(WebDriverWait.java:95)
	at org.openqa.selenium.support.ui.FluentWait.until(FluentWait.java:272)
	at com.cognizant.cognizantits.engine.drivers.AutomationObject.getElements(AutomationObject.java:322)
	at com.cognizant.cognizantits.engine.drivers.AutomationObject.getWElements(AutomationObject.java:273)
	at com.cognizant.cognizantits.engine.drivers.AutomationObject.findElements(AutomationObject.java:260)
	at com.cognizant.cognizantits.engine.drivers.AutomationObject.findElement(AutomationObject.java:136)
	at com.cognizant.cognizantits.engine.drivers.AutomationObject.findElement(AutomationObject.java:129)
	at com.cognizant.cognizantits.engine.core.CommandControl.sync(CommandControl.java:98)
	at com.cognizant.cognizantits.engine.core.CommandControl.sync(CommandControl.java:183)
	at com.cognizant.cognizantits.engine.execution.run.TestStepRunner.executeStep(TestStepRunner.java:160)
	at com.cognizant.cognizantits.engine.execution.run.TestStepRunner.executeStep(TestStepRunner.java:147)
	at com.cognizant.cognizantits.engine.execution.run.TestStepRunner.run(TestStepRunner.java:66)
	at com.cognizant.cognizantits.engine.execution.run.TestCaseRunner.runStep(TestCaseRunner.java:397)
	at com.cognizant.cognizantits.engine.execution.run.TestCaseRunner.run(TestCaseRunner.java:348)
	at com.cognizant.cognizantits.engine.execution.run.TestCaseRunner.run(TestCaseRunner.java:389)
	at com.cognizant.cognizantits.engine.execution.run.TestStepRunner.executeTestCase(TestStepRunner.java:137)
	at com.cognizant.cognizantits.engine.execution.run.TestStepRunner.execute(TestStepRunner.java:118)
	at com.cognizant.cognizantits.engine.execution.run.TestStepRunner.run(TestStepRunner.java:63)
	at com.cognizant.cognizantits.engine.execution.run.TestCaseRunner.runStep(TestCaseRunner.java:397)
	at com.cognizant.cognizantits.engine.execution.run.TestCaseRunner.run(TestCaseRunner.java:348)
	at com.cognizant.cognizantits.engine.core.Task.runIteration(Task.java:127)
	at com.cognizant.cognizantits.engine.core.Task.run(Task.java:83)
	at java.base/java.util.concurrent.ThreadPoolExecutor.runWorker(ThreadPoolExecutor.java:1136)
	at java.base/java.util.concurrent.ThreadPoolExecutor$Worker.run(ThreadPoolExecutor.java:635)
	at java.base/java.lang.Thread.run(Thread.java:842)

Couldn't find Object 'Chat text box' in stipulated Time '10' Seconds
[FAIL]   | Element [Chat text box] is not Present

===================================================================================================

2024-10-21 16:12:30:10S +0530 [SEVERE] com.cognizant.cognizantits.engine.execution.run.TestCaseRunner onRuntimeException:Element [Chat text box] is not Present
com.cognizant.cognizantits.engine.execution.exception.ForcedException: Element [Chat text box] is not Present
	at com.cognizant.cognizantits.engine.commands.AssertElement.assertElement(AssertElement.java:82)
	at com.cognizant.cognizantits.engine.commands.AssertElement.assertElement(AssertElement.java:87)
	at com.cognizant.cognizantits.engine.commands.AssertElement.assertElementPresent(AssertElement.java:57)
	at com.cognizant.cognizantits.engine.support.reflect.MethodExecutor.executeMethod(MethodExecutor.java:39)
	at com.cognizant.cognizantits.engine.execution.run.TestStepRunner.executeAction(TestStepRunner.java:165)
	at com.cognizant.cognizantits.engine.execution.run.TestStepRunner.executeStep(TestStepRunner.java:161)
	at com.cognizant.cognizantits.engine.execution.run.TestStepRunner.executeStep(TestStepRunner.java:147)
	at com.cognizant.cognizantits.engine.execution.run.TestStepRunner.run(TestStepRunner.java:66)
	at com.cognizant.cognizantits.engine.execution.run.TestCaseRunner.runStep(TestCaseRunner.java:397)
	at com.cognizant.cognizantits.engine.execution.run.TestCaseRunner.run(TestCaseRunner.java:348)
	at com.cognizant.cognizantits.engine.execution.run.TestCaseRunner.run(TestCaseRunner.java:389)
	at com.cognizant.cognizantits.engine.execution.run.TestStepRunner.executeTestCase(TestStepRunner.java:137)
	at com.cognizant.cognizantits.engine.execution.run.TestStepRunner.execute(TestStepRunner.java:118)
	at com.cognizant.cognizantits.engine.execution.run.TestStepRunner.run(TestStepRunner.java:63)
	at com.cognizant.cognizantits.engine.execution.run.TestCaseRunner.runStep(TestCaseRunner.java:397)
	at com.cognizant.cognizantits.engine.execution.run.TestCaseRunner.run(TestCaseRunner.java:348)
	at com.cognizant.cognizantits.engine.core.Task.runIteration(Task.java:127)
	at com.cognizant.cognizantits.engine.core.Task.run(Task.java:83)
	at java.base/java.util.concurrent.ThreadPoolExecutor.runWorker(ThreadPoolExecutor.java:1136)
	at java.base/java.util.concurrent.ThreadPoolExecutor$Worker.run(ThreadPoolExecutor.java:635)
	at java.base/java.lang.Thread.run(Thread.java:842)

Step:2   | Object: Chat text box | Action: doubleClickElement | Input:  | Conditon:  | @21-Oct-2024 16:12:30.030
Element could not be identified with [relative_xpath] : [//div[@class='webchat__send-box__main']//form[1]//textarea[@aria-label='Message input box']]
Expected condition failed: waiting for presence of any elements located by By.xpath: //div[@class='webchat__send-box__main']//form[1]//textarea[@aria-label='Message input box'] (tried for 10 second(s) with 500 milliseconds interval)

2024-10-21 16:12:40:10S +0530 [OFF ] com.cognizant.cognizantits.engine.drivers.AutomationObject getElements:null
org.openqa.selenium.TimeoutException: Expected condition failed: waiting for com.cognizant.cognizantits.engine.drivers.AutomationObject$$Lambda$701/0x0000022dd96b31d8@265048ce (tried for 10 second(s) with 500 milliseconds interval)
Build info: version: '3.141.59', revision: 'e82be7d358', time: '2018-11-14T08:17:03'
System info: host: 'CTXPCONTWRK2445', ip: '10.76.140.38', os.name: 'Windows 10', os.arch: 'amd64', os.version: '10.0', java.version: '17.0.12'
Driver info: org.openqa.selenium.chrome.ChromeDriver
Capabilities {acceptInsecureCerts: false, browserName: chrome, browserVersion: 129.0.6668.103, chrome: {chromedriverVersion: 129.0.6668.70 (df87d5cf12b1..., userDataDir: C:\Users\AGOPAL\AppData\Loc...}, fedcm:accounts: true, goog:chromeOptions: {debuggerAddress: localhost:53113}, javascriptEnabled: true, networkConnectionEnabled: false, pageLoadStrategy: normal, platform: WINDOWS, platformName: WINDOWS, proxy: Proxy(), setWindowRect: true, strictFileInteractability: false, timeouts: {implicit: 0, pageLoad: 300000, script: 30000}, unhandledPromptBehavior: dismiss and notify, webauthn:extension:credBlob: true, webauthn:extension:largeBlob: true, webauthn:extension:minPinLength: true, webauthn:extension:prf: true, webauthn:virtualAuthenticators: true}
Session ID: 79e985ea5aaed171cf266cf10cf75478
	at org.openqa.selenium.support.ui.WebDriverWait.timeoutException(WebDriverWait.java:95)
	at org.openqa.selenium.support.ui.FluentWait.until(FluentWait.java:272)
	at com.cognizant.cognizantits.engine.drivers.AutomationObject.getElements(AutomationObject.java:322)
	at com.cognizant.cognizantits.engine.drivers.AutomationObject.getWElements(AutomationObject.java:273)
	at com.cognizant.cognizantits.engine.drivers.AutomationObject.findElements(AutomationObject.java:260)
	at com.cognizant.cognizantits.engine.drivers.AutomationObject.findElement(AutomationObject.java:136)
	at com.cognizant.cognizantits.engine.drivers.AutomationObject.findElement(AutomationObject.java:129)
	at com.cognizant.cognizantits.engine.core.CommandControl.sync(CommandControl.java:98)
	at com.cognizant.cognizantits.engine.core.CommandControl.sync(CommandControl.java:183)
	at com.cognizant.cognizantits.engine.execution.run.TestStepRunner.executeStep(TestStepRunner.java:160)
	at com.cognizant.cognizantits.engine.execution.run.TestStepRunner.executeStep(TestStepRunner.java:147)
	at com.cognizant.cognizantits.engine.execution.run.TestStepRunner.run(TestStepRunner.java:66)
	at com.cognizant.cognizantits.engine.execution.run.TestCaseRunner.runStep(TestCaseRunner.java:397)
	at com.cognizant.cognizantits.engine.execution.run.TestCaseRunner.run(TestCaseRunner.java:348)
	at com.cognizant.cognizantits.engine.execution.run.TestCaseRunner.run(TestCaseRunner.java:389)
	at com.cognizant.cognizantits.engine.execution.run.TestStepRunner.executeTestCase(TestStepRunner.java:137)
	at com.cognizant.cognizantits.engine.execution.run.TestStepRunner.execute(TestStepRunner.java:118)
	at com.cognizant.cognizantits.engine.execution.run.TestStepRunner.run(TestStepRunner.java:63)
	at com.cognizant.cognizantits.engine.execution.run.TestCaseRunner.runStep(TestCaseRunner.java:397)
	at com.cognizant.cognizantits.engine.execution.run.TestCaseRunner.run(TestCaseRunner.java:348)
	at com.cognizant.cognizantits.engine.core.Task.runIteration(Task.java:127)
	at com.cognizant.cognizantits.engine.core.Task.run(Task.java:83)
	at java.base/java.util.concurrent.ThreadPoolExecutor.runWorker(ThreadPoolExecutor.java:1136)
	at java.base/java.util.concurrent.ThreadPoolExecutor$Worker.run(ThreadPoolExecutor.java:635)
	at java.base/java.lang.Thread.run(Thread.java:842)

Couldn't find Object 'Chat text box' in stipulated Time '10' Seconds
[FAIL]   | Seems Like the Element [Chat text box] is Not Present/Found in the page Try Adding wait or heal it

===================================================================================================

2024-10-21 16:12:41:10S +0530 [SEVERE] com.cognizant.cognizantits.engine.execution.run.TestCaseRunner onRuntimeException:Seems Like the Element [Chat text box] is Not Present/Found in the page Try Adding wait or heal it
com.cognizant.cognizantits.engine.execution.exception.element.ElementException: Seems Like the Element [Chat text box] is Not Present/Found in the page Try Adding wait or heal it
	at com.cognizant.cognizantits.engine.commands.General.elementDisplayed(General.java:57)
	at com.cognizant.cognizantits.engine.commands.General.elementEnabled(General.java:63)
	at com.cognizant.cognizantits.engine.commands.CommonMethods.doubleClickElement(CommonMethods.java:115)
	at com.cognizant.cognizantits.engine.support.reflect.MethodExecutor.executeMethod(MethodExecutor.java:39)
	at com.cognizant.cognizantits.engine.execution.run.TestStepRunner.executeAction(TestStepRunner.java:165)
	at com.cognizant.cognizantits.engine.execution.run.TestStepRunner.executeStep(TestStepRunner.java:161)
	at com.cognizant.cognizantits.engine.execution.run.TestStepRunner.executeStep(TestStepRunner.java:147)
	at com.cognizant.cognizantits.engine.execution.run.TestStepRunner.run(TestStepRunner.java:66)
	at com.cognizant.cognizantits.engine.execution.run.TestCaseRunner.runStep(TestCaseRunner.java:397)
	at com.cognizant.cognizantits.engine.execution.run.TestCaseRunner.run(TestCaseRunner.java:348)
	at com.cognizant.cognizantits.engine.execution.run.TestCaseRunner.run(TestCaseRunner.java:389)
	at com.cognizant.cognizantits.engine.execution.run.TestStepRunner.executeTestCase(TestStepRunner.java:137)
	at com.cognizant.cognizantits.engine.execution.run.TestStepRunner.execute(TestStepRunner.java:118)
	at com.cognizant.cognizantits.engine.execution.run.TestStepRunner.run(TestStepRunner.java:63)
	at com.cognizant.cognizantits.engine.execution.run.TestCaseRunner.runStep(TestCaseRunner.java:397)
	at com.cognizant.cognizantits.engine.execution.run.TestCaseRunner.run(TestCaseRunner.java:348)
	at com.cognizant.cognizantits.engine.core.Task.runIteration(Task.java:127)
	at com.cognizant.cognizantits.engine.core.Task.run(Task.java:83)
	at java.base/java.util.concurrent.ThreadPoolExecutor.runWorker(ThreadPoolExecutor.java:1136)
	at java.base/java.util.concurrent.ThreadPoolExecutor$Worker.run(ThreadPoolExecutor.java:635)
	at java.base/java.lang.Thread.run(Thread.java:842)


---------------------------------------------------
Testcase Name        : SC001_Request HSK with quantity:TC006_Dental kit request Aria
Executed Steps       : 3
Passed Steps         : 0
Failed Steps         : 3
Time Taken           : 00:00:23
-----------------------------------------------------

Run Finished on Mon Oct 21 16:12:41 IST 2024
-----------------------------------------------------
ExecutionDate        : 21-Oct-2024 16-12-17
Executed TestCases   : 1
Passed TestCases     : 0
Failed TestCases     : 1
Time Taken           : 00:00:23
ReportPath           : file:///C:\Users\AGOPAL\Downloads\cognizant-intelligent-test-scripter-2.0-setup\cognizant-intelligent-test-scripter-2.0\Projects\E Chat Mobile bot\Results\TestDesign\SC001_Request HSK with quantity\TC006_Dental kit request Aria\21-Oct-2024 16-12-17\summary.html
-----------------------------------------------------
[Thread-15] INFO com.cognizant.cognizantits.engine.support.DesktopApi - Trying to Open - C:\Users\AGOPAL\Downloads\cognizant-intelligent-test-scripter-2.0-setup\cognizant-intelligent-test-scripter-2.0\Projects\E Chat Mobile bot\Results\TestDesign\SC001_Request HSK with quantity\TC006_Dental kit request Aria\21-Oct-2024 16-12-17\summary.html
[Thread-15] INFO com.cognizant.cognizantits.engine.support.DesktopApi - Trying to exec: [explorer] [%s] [C:\Users\AGOPAL\Downloads\cognizant-intelligent-test-scripter-2.0-setup\cognizant-intelligent-test-scripter-2.0\Projects\E Chat Mobile bot\Results\TestDesign\SC001_Request HSK with quantity\TC006_Dental kit request Aria\21-Oct-2024 16-12-17\summary.html]
