Run Information
========================
cognizant.intelligent.test.scripter.engine : 2.0
java.runtime.name    : Java(TM) SE Runtime Environment
java.version         : 17.0.12
java.home            : C:\Program Files\Java\jdk-17
os.name              : Windows 10
os.arch              : amd64
os.version           : 10.0
file.encoding        : UTF-8
========================
Run Started on Mon Oct 07 15:52:05 IST 2024
Loading Browser Profile
Loading RunManager
[Scenario:SC001_Request HSK with quantity] [TestCase: TC001_Towel  request Vdara] [Description: Test Run] [Browser: Chrome] [BrowserVersion: default] [Platform: ANY][ExistingBrowser: false]
Initializing Report
[Thread-185] WARN com.cognizant.cognizantits.engine.core.TMIntegration - TM integration disabled for testcases running via design mode
ApiLink not available!!
Run Manager true
Continue Execution true
Shutting Down Thread as there is no need for SelectiveThreading
Running Iteration 1
Launching Chrome
Launching Local Driver
Starting ChromeDriver 129.0.6668.70 (df87d5cf12b1397be7495a04cab2db6239b227a8-refs/branch-heads/6668@{#1420}) on port 36660
Only local connections are allowed.
Please see https://chromedriver.chromium.org/security-considerations for suggestions on keeping ChromeDriver safe.
ChromeDriver was started successfully on port 36660.
2024-10-07 15:52:07:10S +0530 [INFO] org.openqa.selenium.remote.ProtocolHandshake createSession:Detected dialect: W3C
Chrome Launched
Step:0   | Object:  | Action:  | Input:  | Conditon:  | @07-Oct-2024 15:52:07.007
[ERROR][Could not find Action:]
[DEBUG]   | [Could not find Action]

===================================================================================================

Step:1   | Object: Chat text box | Action: assertElementPresent | Input:  | Conditon:  | @07-Oct-2024 15:52:07.007
Element could not be identified with [relative_xpath] : [//div[@class='webchat__send-box__main']//form[1]//textarea[@aria-label='Message input box']]
2024-10-07 15:52:17:10S +0530 [OFF ] com.cognizant.cognizantits.engine.drivers.AutomationObject getElements:null
java.lang.StringIndexOutOfBoundsException: begin 0, end -1, length 232
	at java.base/java.lang.String.checkBoundsBeginEnd(String.java:4608)
	at java.base/java.lang.String.substring(String.java:2711)
	at com.cognizant.cognizantits.engine.drivers.AutomationObject.lambda$getElements$0(AutomationObject.java:363)
	at org.openqa.selenium.support.ui.FluentWait.until(FluentWait.java:249)
	at com.cognizant.cognizantits.engine.drivers.AutomationObject.getElements(AutomationObject.java:322)
	at com.cognizant.cognizantits.engine.drivers.AutomationObject.getWElements(AutomationObject.java:273)
	at com.cognizant.cognizantits.engine.drivers.AutomationObject.findElements(AutomationObject.java:260)
	at com.cognizant.cognizantits.engine.drivers.AutomationObject.findElement(AutomationObject.java:136)
	at com.cognizant.cognizantits.engine.drivers.AutomationObject.findElement(AutomationObject.java:129)
	at com.cognizant.cognizantits.engine.core.CommandControl.sync(CommandControl.java:98)
	at com.cognizant.cognizantits.engine.core.CommandControl.sync(CommandControl.java:183)
	at com.cognizant.cognizantits.engine.execution.run.TestStepRunner.executeStep(TestStepRunner.java:160)
	at com.cognizant.cognizantits.engine.execution.run.TestStepRunner.executeStep(TestStepRunner.java:147)
	at com.cognizant.cognizantits.engine.execution.run.TestStepRunner.run(TestStepRunner.java:66)
	at com.cognizant.cognizantits.engine.execution.run.TestCaseRunner.runStep(TestCaseRunner.java:397)
	at com.cognizant.cognizantits.engine.execution.run.TestCaseRunner.run(TestCaseRunner.java:348)
	at com.cognizant.cognizantits.engine.execution.run.TestCaseRunner.run(TestCaseRunner.java:389)
	at com.cognizant.cognizantits.engine.execution.run.TestStepRunner.executeTestCase(TestStepRunner.java:137)
	at com.cognizant.cognizantits.engine.execution.run.TestStepRunner.execute(TestStepRunner.java:118)
	at com.cognizant.cognizantits.engine.execution.run.TestStepRunner.run(TestStepRunner.java:63)
	at com.cognizant.cognizantits.engine.execution.run.TestCaseRunner.runStep(TestCaseRunner.java:397)
	at com.cognizant.cognizantits.engine.execution.run.TestCaseRunner.run(TestCaseRunner.java:348)
	at com.cognizant.cognizantits.engine.core.Task.runIteration(Task.java:127)
	at com.cognizant.cognizantits.engine.core.Task.run(Task.java:83)
	at java.base/java.util.concurrent.ThreadPoolExecutor.runWorker(ThreadPoolExecutor.java:1136)
	at java.base/java.util.concurrent.ThreadPoolExecutor$Worker.run(ThreadPoolExecutor.java:635)
	at java.base/java.lang.Thread.run(Thread.java:842)

Couldn't find Object 'Chat text box' in stipulated Time '10' Seconds
2024-10-07 15:52:17:10S +0530 [SEVERE] com.cognizant.cognizantits.engine.core.Task runIteration:Driver Chrome Closed / Could not be reached
com.cognizant.cognizantits.engine.execution.exception.DriverClosedException: Driver Chrome Closed / Could not be reached
	at com.cognizant.cognizantits.engine.drivers.SeleniumDriver.isAlive(SeleniumDriver.java:148)
	at com.cognizant.cognizantits.engine.commands.Command.isDriverAlive(Command.java:143)
	at com.cognizant.cognizantits.engine.commands.General.checkIfDriverIsAlive(General.java:37)
	at com.cognizant.cognizantits.engine.commands.General.elementPresent(General.java:45)
	at com.cognizant.cognizantits.engine.commands.AssertElement.assertElementPresent(AssertElement.java:57)
	at com.cognizant.cognizantits.engine.support.reflect.MethodExecutor.executeMethod(MethodExecutor.java:39)
	at com.cognizant.cognizantits.engine.execution.run.TestStepRunner.executeAction(TestStepRunner.java:165)
	at com.cognizant.cognizantits.engine.execution.run.TestStepRunner.executeStep(TestStepRunner.java:161)
	at com.cognizant.cognizantits.engine.execution.run.TestStepRunner.executeStep(TestStepRunner.java:147)
	at com.cognizant.cognizantits.engine.execution.run.TestStepRunner.run(TestStepRunner.java:66)
	at com.cognizant.cognizantits.engine.execution.run.TestCaseRunner.runStep(TestCaseRunner.java:397)
	at com.cognizant.cognizantits.engine.execution.run.TestCaseRunner.run(TestCaseRunner.java:348)
	at com.cognizant.cognizantits.engine.execution.run.TestCaseRunner.run(TestCaseRunner.java:389)
	at com.cognizant.cognizantits.engine.execution.run.TestStepRunner.executeTestCase(TestStepRunner.java:137)
	at com.cognizant.cognizantits.engine.execution.run.TestStepRunner.execute(TestStepRunner.java:118)
	at com.cognizant.cognizantits.engine.execution.run.TestStepRunner.run(TestStepRunner.java:63)
	at com.cognizant.cognizantits.engine.execution.run.TestCaseRunner.runStep(TestCaseRunner.java:397)
	at com.cognizant.cognizantits.engine.execution.run.TestCaseRunner.run(TestCaseRunner.java:348)
	at com.cognizant.cognizantits.engine.core.Task.runIteration(Task.java:127)
	at com.cognizant.cognizantits.engine.core.Task.run(Task.java:83)
	at java.base/java.util.concurrent.ThreadPoolExecutor.runWorker(ThreadPoolExecutor.java:1136)
	at java.base/java.util.concurrent.ThreadPoolExecutor$Worker.run(ThreadPoolExecutor.java:635)
	at java.base/java.lang.Thread.run(Thread.java:842)

[FAIL]   | Driver Chrome Closed / Could not be reached

===================================================================================================


---------------------------------------------------
Testcase Name        : SC001_Request HSK with quantity:TC001_Towel  request Vdara
Executed Steps       : 2
Passed Steps         : 0
Failed Steps         : 2
Time Taken           : 00:00:12
-----------------------------------------------------

Run Finished on Mon Oct 07 15:52:18 IST 2024
-----------------------------------------------------
ExecutionDate        : 07-Oct-2024 15-52-05
Executed TestCases   : 1
Passed TestCases     : 0
Failed TestCases     : 1
Time Taken           : 00:00:12
ReportPath           : file:///C:\Users\AGOPAL\Downloads\cognizant-intelligent-test-scripter-2.0-setup\cognizant-intelligent-test-scripter-2.0\Projects\E Chat Mobile bot\Results\TestDesign\SC001_Request HSK with quantity\TC001_Towel  request Vdara\07-Oct-2024 15-52-05\summary.html
-----------------------------------------------------
[Thread-185] INFO com.cognizant.cognizantits.engine.support.DesktopApi - Trying to Open - C:\Users\AGOPAL\Downloads\cognizant-intelligent-test-scripter-2.0-setup\cognizant-intelligent-test-scripter-2.0\Projects\E Chat Mobile bot\Results\TestDesign\SC001_Request HSK with quantity\TC001_Towel  request Vdara\07-Oct-2024 15-52-05\summary.html
[Thread-185] INFO com.cognizant.cognizantits.engine.support.DesktopApi - Trying to exec: [explorer] [%s] [C:\Users\AGOPAL\Downloads\cognizant-intelligent-test-scripter-2.0-setup\cognizant-intelligent-test-scripter-2.0\Projects\E Chat Mobile bot\Results\TestDesign\SC001_Request HSK with quantity\TC001_Towel  request Vdara\07-Oct-2024 15-52-05\summary.html]
