Run Information
========================
cognizant.intelligent.test.scripter.engine : 2.0
java.runtime.name    : Java(TM) SE Runtime Environment
java.version         : 17.0.12
java.home            : C:\Program Files\Java\jdk-17
os.name              : Windows 10
os.arch              : amd64
os.version           : 10.0
file.encoding        : UTF-8
========================
Run Started on Mon Oct 21 16:08:33 IST 2024
Loading Browser Profile
Loading RunManager
[Scenario:SC001_Request HSK with quantity] [TestCase: TC006_Dental kit request Aria] [Description: Test Run] [Browser: Chrome] [BrowserVersion: default] [Platform: ANY][ExistingBrowser: false]
Initializing Report
[Thread-5] WARN com.cognizant.cognizantits.engine.core.TMIntegration - TM integration disabled for testcases running via design mode
ApiLink not available!!
Run Manager true
Continue Execution true
Shutting Down Thread as there is no need for SelectiveThreading
Running Iteration 1
Launching Chrome
Launching Local Driver
Starting ChromeDriver 129.0.6668.70 (df87d5cf12b1397be7495a04cab2db6239b227a8-refs/branch-heads/6668@{#1420}) on port 42067
Only local connections are allowed.
Please see https://chromedriver.chromium.org/security-considerations for suggestions on keeping ChromeDriver safe.
ChromeDriver was started successfully on port 42067.
2024-10-21 16:08:36:10S +0530 [INFO] org.openqa.selenium.remote.ProtocolHandshake createSession:Detected dialect: W3C
Chrome Launched
Step:0   | Object:  | Action:  | Input:  | Conditon:  | @21-Oct-2024 16:08:36.036
[ERROR][Could not find Action:]
[DEBUG]   | [Could not find Action]

===================================================================================================

Step:1   | Object: Chat text box | Action: assertElementPresent | Input:  | Conditon:  | @21-Oct-2024 16:08:36.036
Element could not be identified with [relative_xpath] : [//div[@class='webchat__send-box__main']//form[1]//textarea[@aria-label='Message input box']]
Expected condition failed: waiting for presence of any elements located by By.xpath: //div[@class='webchat__send-box__main']//form[1]//textarea[@aria-label='Message input box'] (tried for 10 second(s) with 500 milliseconds interval)

2024-10-21 16:08:46:10S +0530 [OFF ] com.cognizant.cognizantits.engine.drivers.AutomationObject getElements:null
org.openqa.selenium.TimeoutException: Expected condition failed: waiting for com.cognizant.cognizantits.engine.drivers.AutomationObject$$Lambda$701/0x0000022dd96b31d8@792a00c5 (tried for 10 second(s) with 500 milliseconds interval)
Build info: version: '3.141.59', revision: 'e82be7d358', time: '2018-11-14T08:17:03'
System info: host: 'CTXPCONTWRK2445', ip: '10.76.140.38', os.name: 'Windows 10', os.arch: 'amd64', os.version: '10.0', java.version: '17.0.12'
Driver info: org.openqa.selenium.chrome.ChromeDriver
Capabilities {acceptInsecureCerts: false, browserName: chrome, browserVersion: 129.0.6668.103, chrome: {chromedriverVersion: 129.0.6668.70 (df87d5cf12b1..., userDataDir: C:\Users\AGOPAL\AppData\Loc...}, fedcm:accounts: true, goog:chromeOptions: {debuggerAddress: localhost:52504}, javascriptEnabled: true, networkConnectionEnabled: false, pageLoadStrategy: normal, platform: WINDOWS, platformName: WINDOWS, proxy: Proxy(), setWindowRect: true, strictFileInteractability: false, timeouts: {implicit: 0, pageLoad: 300000, script: 30000}, unhandledPromptBehavior: dismiss and notify, webauthn:extension:credBlob: true, webauthn:extension:largeBlob: true, webauthn:extension:minPinLength: true, webauthn:extension:prf: true, webauthn:virtualAuthenticators: true}
Session ID: 261d8a1b8083c6cca396e96e0d79c6db
	at org.openqa.selenium.support.ui.WebDriverWait.timeoutException(WebDriverWait.java:95)
	at org.openqa.selenium.support.ui.FluentWait.until(FluentWait.java:272)
	at com.cognizant.cognizantits.engine.drivers.AutomationObject.getElements(AutomationObject.java:322)
	at com.cognizant.cognizantits.engine.drivers.AutomationObject.getWElements(AutomationObject.java:273)
	at com.cognizant.cognizantits.engine.drivers.AutomationObject.findElements(AutomationObject.java:260)
	at com.cognizant.cognizantits.engine.drivers.AutomationObject.findElement(AutomationObject.java:136)
	at com.cognizant.cognizantits.engine.drivers.AutomationObject.findElement(AutomationObject.java:129)
	at com.cognizant.cognizantits.engine.core.CommandControl.sync(CommandControl.java:98)
	at com.cognizant.cognizantits.engine.core.CommandControl.sync(CommandControl.java:183)
	at com.cognizant.cognizantits.engine.execution.run.TestStepRunner.executeStep(TestStepRunner.java:160)
	at com.cognizant.cognizantits.engine.execution.run.TestStepRunner.executeStep(TestStepRunner.java:147)
	at com.cognizant.cognizantits.engine.execution.run.TestStepRunner.run(TestStepRunner.java:66)
	at com.cognizant.cognizantits.engine.execution.run.TestCaseRunner.runStep(TestCaseRunner.java:397)
	at com.cognizant.cognizantits.engine.execution.run.TestCaseRunner.run(TestCaseRunner.java:348)
	at com.cognizant.cognizantits.engine.execution.run.TestCaseRunner.run(TestCaseRunner.java:389)
	at com.cognizant.cognizantits.engine.execution.run.TestStepRunner.executeTestCase(TestStepRunner.java:137)
	at com.cognizant.cognizantits.engine.execution.run.TestStepRunner.execute(TestStepRunner.java:118)
	at com.cognizant.cognizantits.engine.execution.run.TestStepRunner.run(TestStepRunner.java:63)
	at com.cognizant.cognizantits.engine.execution.run.TestCaseRunner.runStep(TestCaseRunner.java:397)
	at com.cognizant.cognizantits.engine.execution.run.TestCaseRunner.run(TestCaseRunner.java:348)
	at com.cognizant.cognizantits.engine.core.Task.runIteration(Task.java:127)
	at com.cognizant.cognizantits.engine.core.Task.run(Task.java:83)
	at java.base/java.util.concurrent.ThreadPoolExecutor.runWorker(ThreadPoolExecutor.java:1136)
	at java.base/java.util.concurrent.ThreadPoolExecutor$Worker.run(ThreadPoolExecutor.java:635)
	at java.base/java.lang.Thread.run(Thread.java:842)

Couldn't find Object 'Chat text box' in stipulated Time '10' Seconds
[FAIL]   | Element [Chat text box] is not Present

===================================================================================================

2024-10-21 16:08:47:10S +0530 [SEVERE] com.cognizant.cognizantits.engine.execution.run.TestCaseRunner onRuntimeException:Element [Chat text box] is not Present
com.cognizant.cognizantits.engine.execution.exception.ForcedException: Element [Chat text box] is not Present
	at com.cognizant.cognizantits.engine.commands.AssertElement.assertElement(AssertElement.java:82)
	at com.cognizant.cognizantits.engine.commands.AssertElement.assertElement(AssertElement.java:87)
	at com.cognizant.cognizantits.engine.commands.AssertElement.assertElementPresent(AssertElement.java:57)
	at com.cognizant.cognizantits.engine.support.reflect.MethodExecutor.executeMethod(MethodExecutor.java:39)
	at com.cognizant.cognizantits.engine.execution.run.TestStepRunner.executeAction(TestStepRunner.java:165)
	at com.cognizant.cognizantits.engine.execution.run.TestStepRunner.executeStep(TestStepRunner.java:161)
	at com.cognizant.cognizantits.engine.execution.run.TestStepRunner.executeStep(TestStepRunner.java:147)
	at com.cognizant.cognizantits.engine.execution.run.TestStepRunner.run(TestStepRunner.java:66)
	at com.cognizant.cognizantits.engine.execution.run.TestCaseRunner.runStep(TestCaseRunner.java:397)
	at com.cognizant.cognizantits.engine.execution.run.TestCaseRunner.run(TestCaseRunner.java:348)
	at com.cognizant.cognizantits.engine.execution.run.TestCaseRunner.run(TestCaseRunner.java:389)
	at com.cognizant.cognizantits.engine.execution.run.TestStepRunner.executeTestCase(TestStepRunner.java:137)
	at com.cognizant.cognizantits.engine.execution.run.TestStepRunner.execute(TestStepRunner.java:118)
	at com.cognizant.cognizantits.engine.execution.run.TestStepRunner.run(TestStepRunner.java:63)
	at com.cognizant.cognizantits.engine.execution.run.TestCaseRunner.runStep(TestCaseRunner.java:397)
	at com.cognizant.cognizantits.engine.execution.run.TestCaseRunner.run(TestCaseRunner.java:348)
	at com.cognizant.cognizantits.engine.core.Task.runIteration(Task.java:127)
	at com.cognizant.cognizantits.engine.core.Task.run(Task.java:83)
	at java.base/java.util.concurrent.ThreadPoolExecutor.runWorker(ThreadPoolExecutor.java:1136)
	at java.base/java.util.concurrent.ThreadPoolExecutor$Worker.run(ThreadPoolExecutor.java:635)
	at java.base/java.lang.Thread.run(Thread.java:842)

Step:2   | Object: Chat text box | Action: doubleClickElement | Input:  | Conditon:  | @21-Oct-2024 16:08:47.047
Element could not be identified with [relative_xpath] : [//div[@class='webchat__send-box__main']//form[1]//textarea[@aria-label='Message input box']]
Expected condition failed: waiting for presence of any elements located by By.xpath: //div[@class='webchat__send-box__main']//form[1]//textarea[@aria-label='Message input box'] (tried for 10 second(s) with 500 milliseconds interval)

2024-10-21 16:08:57:10S +0530 [OFF ] com.cognizant.cognizantits.engine.drivers.AutomationObject getElements:null
org.openqa.selenium.TimeoutException: Expected condition failed: waiting for com.cognizant.cognizantits.engine.drivers.AutomationObject$$Lambda$701/0x0000022dd96b31d8@3238c66b (tried for 10 second(s) with 500 milliseconds interval)
Build info: version: '3.141.59', revision: 'e82be7d358', time: '2018-11-14T08:17:03'
System info: host: 'CTXPCONTWRK2445', ip: '10.76.140.38', os.name: 'Windows 10', os.arch: 'amd64', os.version: '10.0', java.version: '17.0.12'
Driver info: org.openqa.selenium.chrome.ChromeDriver
Capabilities {acceptInsecureCerts: false, browserName: chrome, browserVersion: 129.0.6668.103, chrome: {chromedriverVersion: 129.0.6668.70 (df87d5cf12b1..., userDataDir: C:\Users\AGOPAL\AppData\Loc...}, fedcm:accounts: true, goog:chromeOptions: {debuggerAddress: localhost:52504}, javascriptEnabled: true, networkConnectionEnabled: false, pageLoadStrategy: normal, platform: WINDOWS, platformName: WINDOWS, proxy: Proxy(), setWindowRect: true, strictFileInteractability: false, timeouts: {implicit: 0, pageLoad: 300000, script: 30000}, unhandledPromptBehavior: dismiss and notify, webauthn:extension:credBlob: true, webauthn:extension:largeBlob: true, webauthn:extension:minPinLength: true, webauthn:extension:prf: true, webauthn:virtualAuthenticators: true}
Session ID: 261d8a1b8083c6cca396e96e0d79c6db
	at org.openqa.selenium.support.ui.WebDriverWait.timeoutException(WebDriverWait.java:95)
	at org.openqa.selenium.support.ui.FluentWait.until(FluentWait.java:272)
	at com.cognizant.cognizantits.engine.drivers.AutomationObject.getElements(AutomationObject.java:322)
	at com.cognizant.cognizantits.engine.drivers.AutomationObject.getWElements(AutomationObject.java:273)
	at com.cognizant.cognizantits.engine.drivers.AutomationObject.findElements(AutomationObject.java:260)
	at com.cognizant.cognizantits.engine.drivers.AutomationObject.findElement(AutomationObject.java:136)
	at com.cognizant.cognizantits.engine.drivers.AutomationObject.findElement(AutomationObject.java:129)
	at com.cognizant.cognizantits.engine.core.CommandControl.sync(CommandControl.java:98)
	at com.cognizant.cognizantits.engine.core.CommandControl.sync(CommandControl.java:183)
	at com.cognizant.cognizantits.engine.execution.run.TestStepRunner.executeStep(TestStepRunner.java:160)
	at com.cognizant.cognizantits.engine.execution.run.TestStepRunner.executeStep(TestStepRunner.java:147)
	at com.cognizant.cognizantits.engine.execution.run.TestStepRunner.run(TestStepRunner.java:66)
	at com.cognizant.cognizantits.engine.execution.run.TestCaseRunner.runStep(TestCaseRunner.java:397)
	at com.cognizant.cognizantits.engine.execution.run.TestCaseRunner.run(TestCaseRunner.java:348)
	at com.cognizant.cognizantits.engine.execution.run.TestCaseRunner.run(TestCaseRunner.java:389)
	at com.cognizant.cognizantits.engine.execution.run.TestStepRunner.executeTestCase(TestStepRunner.java:137)
	at com.cognizant.cognizantits.engine.execution.run.TestStepRunner.execute(TestStepRunner.java:118)
	at com.cognizant.cognizantits.engine.execution.run.TestStepRunner.run(TestStepRunner.java:63)
	at com.cognizant.cognizantits.engine.execution.run.TestCaseRunner.runStep(TestCaseRunner.java:397)
	at com.cognizant.cognizantits.engine.execution.run.TestCaseRunner.run(TestCaseRunner.java:348)
	at com.cognizant.cognizantits.engine.core.Task.runIteration(Task.java:127)
	at com.cognizant.cognizantits.engine.core.Task.run(Task.java:83)
	at java.base/java.util.concurrent.ThreadPoolExecutor.runWorker(ThreadPoolExecutor.java:1136)
	at java.base/java.util.concurrent.ThreadPoolExecutor$Worker.run(ThreadPoolExecutor.java:635)
	at java.base/java.lang.Thread.run(Thread.java:842)

Couldn't find Object 'Chat text box' in stipulated Time '10' Seconds
[FAIL]   | Seems Like the Element [Chat text box] is Not Present/Found in the page Try Adding wait or heal it

===================================================================================================

2024-10-21 16:08:57:10S +0530 [SEVERE] com.cognizant.cognizantits.engine.execution.run.TestCaseRunner onRuntimeException:Seems Like the Element [Chat text box] is Not Present/Found in the page Try Adding wait or heal it
com.cognizant.cognizantits.engine.execution.exception.element.ElementException: Seems Like the Element [Chat text box] is Not Present/Found in the page Try Adding wait or heal it
	at com.cognizant.cognizantits.engine.commands.General.elementDisplayed(General.java:57)
	at com.cognizant.cognizantits.engine.commands.General.elementEnabled(General.java:63)
	at com.cognizant.cognizantits.engine.commands.CommonMethods.doubleClickElement(CommonMethods.java:115)
	at com.cognizant.cognizantits.engine.support.reflect.MethodExecutor.executeMethod(MethodExecutor.java:39)
	at com.cognizant.cognizantits.engine.execution.run.TestStepRunner.executeAction(TestStepRunner.java:165)
	at com.cognizant.cognizantits.engine.execution.run.TestStepRunner.executeStep(TestStepRunner.java:161)
	at com.cognizant.cognizantits.engine.execution.run.TestStepRunner.executeStep(TestStepRunner.java:147)
	at com.cognizant.cognizantits.engine.execution.run.TestStepRunner.run(TestStepRunner.java:66)
	at com.cognizant.cognizantits.engine.execution.run.TestCaseRunner.runStep(TestCaseRunner.java:397)
	at com.cognizant.cognizantits.engine.execution.run.TestCaseRunner.run(TestCaseRunner.java:348)
	at com.cognizant.cognizantits.engine.execution.run.TestCaseRunner.run(TestCaseRunner.java:389)
	at com.cognizant.cognizantits.engine.execution.run.TestStepRunner.executeTestCase(TestStepRunner.java:137)
	at com.cognizant.cognizantits.engine.execution.run.TestStepRunner.execute(TestStepRunner.java:118)
	at com.cognizant.cognizantits.engine.execution.run.TestStepRunner.run(TestStepRunner.java:63)
	at com.cognizant.cognizantits.engine.execution.run.TestCaseRunner.runStep(TestCaseRunner.java:397)
	at com.cognizant.cognizantits.engine.execution.run.TestCaseRunner.run(TestCaseRunner.java:348)
	at com.cognizant.cognizantits.engine.core.Task.runIteration(Task.java:127)
	at com.cognizant.cognizantits.engine.core.Task.run(Task.java:83)
	at java.base/java.util.concurrent.ThreadPoolExecutor.runWorker(ThreadPoolExecutor.java:1136)
	at java.base/java.util.concurrent.ThreadPoolExecutor$Worker.run(ThreadPoolExecutor.java:635)
	at java.base/java.lang.Thread.run(Thread.java:842)

Step:3   | Object: Chat text box | Action: Set | Input: Dental kit:Utterances | Conditon:  | @21-Oct-2024 16:08:57.057
[AWT-EventQueue-0] INFO org.eclipse.jetty.util.log - Logging initialized @815398ms to org.eclipse.jetty.util.log.Slf4jLog
jar:file:/C:/Users/AGOPAL/Downloads/cognizant-intelligent-test-scripter-2.0-setup/cognizant-intelligent-test-scripter-2.0/lib/cognizant-intelligent-test-scripter-extensionconnect-2.0.jar!/localhost
2024-10-21 16:09:07:10S +0530 [INFO] com.cognizant.cognizantits.extension.server.ExtensionServer startRecord:Launching Server for Record
2024-10-21 16:09:07:10S +0530 [INFO] com.cognizant.cognizantits.extension.server.ExtensionServer$1 run:Starting Server
[SocketServer] INFO org.eclipse.jetty.server.Server - jetty-9.4.43.v20210629; built: 2021-06-30T11:07:22.254Z; git: 526006ecfa3af7f1a27ef3a288e2bef7ea9dd7e8; jvm 17.0.12+8-LTS-286
[SocketServer] INFO org.eclipse.jetty.server.session - DefaultSessionIdManager workerName=node0
[SocketServer] INFO org.eclipse.jetty.server.session - No SessionScavenger set, using defaults
[SocketServer] INFO org.eclipse.jetty.server.session - node0 Scavenging every 600000ms
[SocketServer] INFO org.eclipse.jetty.server.handler.ContextHandler - Started o.e.j.s.ServletContextHandler@4a08bfae{/,null,AVAILABLE}
[SocketServer] INFO org.eclipse.jetty.util.ssl.SslContextFactory - x509=X509@82aacd2(localhost,h=[localhost],a=[],w=[]) for SslContextFactory@2d1c8ffb[provider=null,keyStore=jar:file:/C:/Users/AGOPAL/Downloads/cognizant-intelligent-test-scripter-2.0-setup/cognizant-intelligent-test-scripter-2.0/lib/cognizant-intelligent-test-scripter-extensionconnect-2.0.jar!/localhost,trustStore=null]
Element could not be identified with [relative_xpath] : [//div[@class='webchat__send-box__main']//form[1]//textarea[@aria-label='Message input box']]
Expected condition failed: waiting for presence of any elements located by By.xpath: //div[@class='webchat__send-box__main']//form[1]//textarea[@aria-label='Message input box'] (tried for 10 second(s) with 500 milliseconds interval)

2024-10-21 16:09:08:10S +0530 [OFF ] com.cognizant.cognizantits.engine.drivers.AutomationObject getElements:null
org.openqa.selenium.TimeoutException: Expected condition failed: waiting for com.cognizant.cognizantits.engine.drivers.AutomationObject$$Lambda$701/0x0000022dd96b31d8@2bf920aa (tried for 10 second(s) with 500 milliseconds interval)
Build info: version: '3.141.59', revision: 'e82be7d358', time: '2018-11-14T08:17:03'
System info: host: 'CTXPCONTWRK2445', ip: '10.76.140.38', os.name: 'Windows 10', os.arch: 'amd64', os.version: '10.0', java.version: '17.0.12'
Driver info: org.openqa.selenium.chrome.ChromeDriver
Capabilities {acceptInsecureCerts: false, browserName: chrome, browserVersion: 129.0.6668.103, chrome: {chromedriverVersion: 129.0.6668.70 (df87d5cf12b1..., userDataDir: C:\Users\AGOPAL\AppData\Loc...}, fedcm:accounts: true, goog:chromeOptions: {debuggerAddress: localhost:52504}, javascriptEnabled: true, networkConnectionEnabled: false, pageLoadStrategy: normal, platform: WINDOWS, platformName: WINDOWS, proxy: Proxy(), setWindowRect: true, strictFileInteractability: false, timeouts: {implicit: 0, pageLoad: 300000, script: 30000}, unhandledPromptBehavior: dismiss and notify, webauthn:extension:credBlob: true, webauthn:extension:largeBlob: true, webauthn:extension:minPinLength: true, webauthn:extension:prf: true, webauthn:virtualAuthenticators: true}
Session ID: 261d8a1b8083c6cca396e96e0d79c6db
	at org.openqa.selenium.support.ui.WebDriverWait.timeoutException(WebDriverWait.java:95)
	at org.openqa.selenium.support.ui.FluentWait.until(FluentWait.java:272)
	at com.cognizant.cognizantits.engine.drivers.AutomationObject.getElements(AutomationObject.java:322)
	at com.cognizant.cognizantits.engine.drivers.AutomationObject.getWElements(AutomationObject.java:273)
	at com.cognizant.cognizantits.engine.drivers.AutomationObject.findElements(AutomationObject.java:260)
	at com.cognizant.cognizantits.engine.drivers.AutomationObject.findElement(AutomationObject.java:136)
	at com.cognizant.cognizantits.engine.drivers.AutomationObject.findElement(AutomationObject.java:129)
	at com.cognizant.cognizantits.engine.core.CommandControl.sync(CommandControl.java:98)
	at com.cognizant.cognizantits.engine.core.CommandControl.sync(CommandControl.java:183)
	at com.cognizant.cognizantits.engine.execution.run.TestStepRunner.executeStep(TestStepRunner.java:160)
	at com.cognizant.cognizantits.engine.execution.run.TestStepRunner.executeStep(TestStepRunner.java:147)
	at com.cognizant.cognizantits.engine.execution.run.TestStepRunner.run(TestStepRunner.java:66)
	at com.cognizant.cognizantits.engine.execution.run.TestCaseRunner.runStep(TestCaseRunner.java:397)
	at com.cognizant.cognizantits.engine.execution.run.TestCaseRunner.run(TestCaseRunner.java:348)
	at com.cognizant.cognizantits.engine.execution.run.TestCaseRunner.run(TestCaseRunner.java:389)
	at com.cognizant.cognizantits.engine.execution.run.TestStepRunner.executeTestCase(TestStepRunner.java:137)
	at com.cognizant.cognizantits.engine.execution.run.TestStepRunner.execute(TestStepRunner.java:118)
	at com.cognizant.cognizantits.engine.execution.run.TestStepRunner.run(TestStepRunner.java:63)
	at com.cognizant.cognizantits.engine.execution.run.TestCaseRunner.runStep(TestCaseRunner.java:397)
	at com.cognizant.cognizantits.engine.execution.run.TestCaseRunner.run(TestCaseRunner.java:348)
	at com.cognizant.cognizantits.engine.core.Task.runIteration(Task.java:127)
	at com.cognizant.cognizantits.engine.core.Task.run(Task.java:83)
	at java.base/java.util.concurrent.ThreadPoolExecutor.runWorker(ThreadPoolExecutor.java:1136)
	at java.base/java.util.concurrent.ThreadPoolExecutor$Worker.run(ThreadPoolExecutor.java:635)
	at java.base/java.lang.Thread.run(Thread.java:842)

Couldn't find Object 'Chat text box' in stipulated Time '10' Seconds
[FAIL]   | Seems Like the Element [Chat text box] is Not Present/Found in the page Try Adding wait or heal it

===================================================================================================

[SocketServer] INFO org.eclipse.jetty.server.AbstractConnector - Started ServerConnector@791d84ce{SSL, (ssl, http/1.1)}{0.0.0.0:8887}
[SocketServer] INFO org.eclipse.jetty.server.Server - Started @815855ms
2024-10-21 16:09:08:10S +0530 [SEVERE] com.cognizant.cognizantits.engine.execution.run.TestCaseRunner onRuntimeException:Seems Like the Element [Chat text box] is Not Present/Found in the page Try Adding wait or heal it
com.cognizant.cognizantits.engine.execution.exception.element.ElementException: Seems Like the Element [Chat text box] is Not Present/Found in the page Try Adding wait or heal it
	at com.cognizant.cognizantits.engine.commands.General.elementDisplayed(General.java:57)
	at com.cognizant.cognizantits.engine.commands.General.elementEnabled(General.java:63)
	at com.cognizant.cognizantits.engine.commands.Basic.Set(Basic.java:99)
	at com.cognizant.cognizantits.engine.support.reflect.MethodExecutor.executeMethod(MethodExecutor.java:39)
	at com.cognizant.cognizantits.engine.execution.run.TestStepRunner.executeAction(TestStepRunner.java:165)
	at com.cognizant.cognizantits.engine.execution.run.TestStepRunner.executeStep(TestStepRunner.java:161)
	at com.cognizant.cognizantits.engine.execution.run.TestStepRunner.executeStep(TestStepRunner.java:147)
	at com.cognizant.cognizantits.engine.execution.run.TestStepRunner.run(TestStepRunner.java:66)
	at com.cognizant.cognizantits.engine.execution.run.TestCaseRunner.runStep(TestCaseRunner.java:397)
	at com.cognizant.cognizantits.engine.execution.run.TestCaseRunner.run(TestCaseRunner.java:348)
	at com.cognizant.cognizantits.engine.execution.run.TestCaseRunner.run(TestCaseRunner.java:389)
	at com.cognizant.cognizantits.engine.execution.run.TestStepRunner.executeTestCase(TestStepRunner.java:137)
	at com.cognizant.cognizantits.engine.execution.run.TestStepRunner.execute(TestStepRunner.java:118)
	at com.cognizant.cognizantits.engine.execution.run.TestStepRunner.run(TestStepRunner.java:63)
	at com.cognizant.cognizantits.engine.execution.run.TestCaseRunner.runStep(TestCaseRunner.java:397)
	at com.cognizant.cognizantits.engine.execution.run.TestCaseRunner.run(TestCaseRunner.java:348)
	at com.cognizant.cognizantits.engine.core.Task.runIteration(Task.java:127)
	at com.cognizant.cognizantits.engine.core.Task.run(Task.java:83)
	at java.base/java.util.concurrent.ThreadPoolExecutor.runWorker(ThreadPoolExecutor.java:1136)
	at java.base/java.util.concurrent.ThreadPoolExecutor$Worker.run(ThreadPoolExecutor.java:635)
	at java.base/java.lang.Thread.run(Thread.java:842)


---------------------------------------------------
Testcase Name        : SC001_Request HSK with quantity:TC006_Dental kit request Aria
Executed Steps       : 4
Passed Steps         : 0
Failed Steps         : 4
Time Taken           : 00:00:35
-----------------------------------------------------

Run Finished on Mon Oct 21 16:09:08 IST 2024
-----------------------------------------------------
ExecutionDate        : 21-Oct-2024 16-08-33
Executed TestCases   : 1
Passed TestCases     : 0
Failed TestCases     : 1
Time Taken           : 00:00:35
ReportPath           : file:///C:\Users\AGOPAL\Downloads\cognizant-intelligent-test-scripter-2.0-setup\cognizant-intelligent-test-scripter-2.0\Projects\E Chat Mobile bot\Results\TestDesign\SC001_Request HSK with quantity\TC006_Dental kit request Aria\21-Oct-2024 16-08-33\summary.html
-----------------------------------------------------
[Thread-5] INFO com.cognizant.cognizantits.engine.support.DesktopApi - Trying to Open - C:\Users\AGOPAL\Downloads\cognizant-intelligent-test-scripter-2.0-setup\cognizant-intelligent-test-scripter-2.0\Projects\E Chat Mobile bot\Results\TestDesign\SC001_Request HSK with quantity\TC006_Dental kit request Aria\21-Oct-2024 16-08-33\summary.html
[Thread-5] INFO com.cognizant.cognizantits.engine.support.DesktopApi - Trying to exec: [explorer] [%s] [C:\Users\AGOPAL\Downloads\cognizant-intelligent-test-scripter-2.0-setup\cognizant-intelligent-test-scripter-2.0\Projects\E Chat Mobile bot\Results\TestDesign\SC001_Request HSK with quantity\TC006_Dental kit request Aria\21-Oct-2024 16-08-33\summary.html]
