Run Information
========================
cognizant.intelligent.test.scripter.engine : 2.0
java.runtime.name    : Java(TM) SE Runtime Environment
java.version         : 17.0.12
java.home            : C:\Program Files\Java\jdk-17
os.name              : Windows 10
os.arch              : amd64
os.version           : 10.0
file.encoding        : UTF-8
========================
Run Started on Wed Jan 08 14:19:57 IST 2025
Loading Browser Profile
Loading RunManager
[Scenario:SC001_Request HSK with quantity] [TestCase: KT demo_Aria towel request] [Description: Test Run] [Browser: Chrome] [BrowserVersion: default] [Platform: ANY][ExistingBrowser: false]
Initializing Report
[Thread-110] WARN com.cognizant.cognizantits.engine.core.TMIntegration - TM integration disabled for testcases running via design mode
ApiLink not available!!
Run Manager true
Continue Execution true
Shutting Down Thread as there is no need for SelectiveThreading
Running Iteration 1
Launching Chrome
Launching Local Driver
Starting ChromeDriver 131.0.6778.69 (77e2244bbcda3ab9362d5b8aeeb006a86a6d4832-refs/branch-heads/6778@{#2141}) on port 4157
Only local connections are allowed.
Please see https://chromedriver.chromium.org/security-considerations for suggestions on keeping ChromeDriver safe.
ChromeDriver was started successfully on port 4157.
2025-01-08 14:19:58:01S +0530 [INFO] org.openqa.selenium.remote.ProtocolHandshake createSession:Detected dialect: W3C
Chrome Launched
Step:1   | Object: Browser | Action: Open | Input: KT demo AriaURL:Data1 | Conditon:  | @08-Jan-2025 14:19:58.058
[DONE]   | Opened Url: file:///C:/Users/AGOPAL/OneDrive%20-%20MGM%20Resorts%20International/E-chat/Mobile%20app%20data/Bot%20-%20QA%20Aria%20LCO.html

===================================================================================================

Step:2   | Object: Browser | Action: pause | Input: @5000 | Conditon:  | @08-Jan-2025 14:20:01.001
[DONE]   | Thread sleep for '5000

===================================================================================================

Step:3   | Object: Lets Chat button | Action: Click | Input:  | Conditon:  | @08-Jan-2025 14:20:06.006
Element could not be identified with [relative_xpath] : [//label[@class='ms-Label root-102']]
Expected condition failed: waiting for presence of any elements located by By.xpath: //label[@class='ms-Label root-102'] (tried for 10 second(s) with 500 milliseconds interval)

2025-01-08 14:20:16:01S +0530 [OFF ] com.cognizant.cognizantits.engine.drivers.AutomationObject getElements:null
org.openqa.selenium.TimeoutException: Expected condition failed: waiting for com.cognizant.cognizantits.engine.drivers.AutomationObject$$Lambda$986/0x000001c205849e40@1eb7ceee (tried for 10 second(s) with 500 milliseconds interval)
Build info: version: '3.141.59', revision: 'e82be7d358', time: '2018-11-14T08:17:03'
System info: host: 'CTXPCONTWRK2445', ip: '10.76.140.38', os.name: 'Windows 10', os.arch: 'amd64', os.version: '10.0', java.version: '17.0.12'
Driver info: org.openqa.selenium.chrome.ChromeDriver
Capabilities {acceptInsecureCerts: false, browserName: chrome, browserVersion: 131.0.6778.205, chrome: {chromedriverVersion: 131.0.6778.69 (77e2244bbcda..., userDataDir: C:\Users\AGOPAL\AppData\Loc...}, fedcm:accounts: true, goog:chromeOptions: {debuggerAddress: localhost:58705}, javascriptEnabled: true, networkConnectionEnabled: false, pageLoadStrategy: normal, platform: WINDOWS, platformName: WINDOWS, proxy: Proxy(), setWindowRect: true, strictFileInteractability: false, timeouts: {implicit: 0, pageLoad: 300000, script: 30000}, unhandledPromptBehavior: dismiss and notify, webauthn:extension:credBlob: true, webauthn:extension:largeBlob: true, webauthn:extension:minPinLength: true, webauthn:extension:prf: true, webauthn:virtualAuthenticators: true}
Session ID: 2de898467fc43ad57b2c3652162a7cc4
	at org.openqa.selenium.support.ui.WebDriverWait.timeoutException(WebDriverWait.java:95)
	at org.openqa.selenium.support.ui.FluentWait.until(FluentWait.java:272)
	at com.cognizant.cognizantits.engine.drivers.AutomationObject.getElements(AutomationObject.java:322)
	at com.cognizant.cognizantits.engine.drivers.AutomationObject.getWElements(AutomationObject.java:273)
	at com.cognizant.cognizantits.engine.drivers.AutomationObject.findElements(AutomationObject.java:260)
	at com.cognizant.cognizantits.engine.drivers.AutomationObject.findElement(AutomationObject.java:136)
	at com.cognizant.cognizantits.engine.drivers.AutomationObject.findElement(AutomationObject.java:129)
	at com.cognizant.cognizantits.engine.core.CommandControl.sync(CommandControl.java:98)
	at com.cognizant.cognizantits.engine.core.CommandControl.sync(CommandControl.java:183)
	at com.cognizant.cognizantits.engine.execution.run.TestStepRunner.executeStep(TestStepRunner.java:160)
	at com.cognizant.cognizantits.engine.execution.run.TestStepRunner.executeStep(TestStepRunner.java:147)
	at com.cognizant.cognizantits.engine.execution.run.TestStepRunner.run(TestStepRunner.java:66)
	at com.cognizant.cognizantits.engine.execution.run.TestCaseRunner.runStep(TestCaseRunner.java:397)
	at com.cognizant.cognizantits.engine.execution.run.TestCaseRunner.run(TestCaseRunner.java:348)
	at com.cognizant.cognizantits.engine.execution.run.TestCaseRunner.run(TestCaseRunner.java:389)
	at com.cognizant.cognizantits.engine.execution.run.TestStepRunner.executeTestCase(TestStepRunner.java:137)
	at com.cognizant.cognizantits.engine.execution.run.TestStepRunner.execute(TestStepRunner.java:118)
	at com.cognizant.cognizantits.engine.execution.run.TestStepRunner.run(TestStepRunner.java:63)
	at com.cognizant.cognizantits.engine.execution.run.TestCaseRunner.runStep(TestCaseRunner.java:397)
	at com.cognizant.cognizantits.engine.execution.run.TestCaseRunner.run(TestCaseRunner.java:348)
	at com.cognizant.cognizantits.engine.core.Task.runIteration(Task.java:127)
	at com.cognizant.cognizantits.engine.core.Task.run(Task.java:83)
	at java.base/java.util.concurrent.ThreadPoolExecutor.runWorker(ThreadPoolExecutor.java:1136)
	at java.base/java.util.concurrent.ThreadPoolExecutor$Worker.run(ThreadPoolExecutor.java:635)
	at java.base/java.lang.Thread.run(Thread.java:842)

Couldn't find Object 'Lets Chat button' in stipulated Time '10' Seconds
[FAIL]   | Seems Like the Element [Lets Chat button] is Not Present/Found in the page Try Adding wait or heal it

===================================================================================================

2025-01-08 14:20:16:01S +0530 [SEVERE] com.cognizant.cognizantits.engine.execution.run.TestCaseRunner onRuntimeException:Seems Like the Element [Lets Chat button] is Not Present/Found in the page Try Adding wait or heal it
com.cognizant.cognizantits.engine.execution.exception.element.ElementException: Seems Like the Element [Lets Chat button] is Not Present/Found in the page Try Adding wait or heal it
	at com.cognizant.cognizantits.engine.commands.General.elementDisplayed(General.java:57)
	at com.cognizant.cognizantits.engine.commands.General.elementEnabled(General.java:63)
	at com.cognizant.cognizantits.engine.commands.Basic.Click(Basic.java:47)
	at com.cognizant.cognizantits.engine.support.reflect.MethodExecutor.executeMethod(MethodExecutor.java:39)
	at com.cognizant.cognizantits.engine.execution.run.TestStepRunner.executeAction(TestStepRunner.java:165)
	at com.cognizant.cognizantits.engine.execution.run.TestStepRunner.executeStep(TestStepRunner.java:161)
	at com.cognizant.cognizantits.engine.execution.run.TestStepRunner.executeStep(TestStepRunner.java:147)
	at com.cognizant.cognizantits.engine.execution.run.TestStepRunner.run(TestStepRunner.java:66)
	at com.cognizant.cognizantits.engine.execution.run.TestCaseRunner.runStep(TestCaseRunner.java:397)
	at com.cognizant.cognizantits.engine.execution.run.TestCaseRunner.run(TestCaseRunner.java:348)
	at com.cognizant.cognizantits.engine.execution.run.TestCaseRunner.run(TestCaseRunner.java:389)
	at com.cognizant.cognizantits.engine.execution.run.TestStepRunner.executeTestCase(TestStepRunner.java:137)
	at com.cognizant.cognizantits.engine.execution.run.TestStepRunner.execute(TestStepRunner.java:118)
	at com.cognizant.cognizantits.engine.execution.run.TestStepRunner.run(TestStepRunner.java:63)
	at com.cognizant.cognizantits.engine.execution.run.TestCaseRunner.runStep(TestCaseRunner.java:397)
	at com.cognizant.cognizantits.engine.execution.run.TestCaseRunner.run(TestCaseRunner.java:348)
	at com.cognizant.cognizantits.engine.core.Task.runIteration(Task.java:127)
	at com.cognizant.cognizantits.engine.core.Task.run(Task.java:83)
	at java.base/java.util.concurrent.ThreadPoolExecutor.runWorker(ThreadPoolExecutor.java:1136)
	at java.base/java.util.concurrent.ThreadPoolExecutor$Worker.run(ThreadPoolExecutor.java:635)
	at java.base/java.lang.Thread.run(Thread.java:842)


---------------------------------------------------
Testcase Name        : SC001_Request HSK with quantity:KT demo_Aria towel request
Executed Steps       : 3
Passed Steps         : 2
Failed Steps         : 1
Time Taken           : 00:00:19
-----------------------------------------------------

Run Finished on Wed Jan 08 14:20:16 IST 2025
-----------------------------------------------------
ExecutionDate        : 08-Jan-2025 14-19-57
Executed TestCases   : 1
Passed TestCases     : 0
Failed TestCases     : 1
Time Taken           : 00:00:19
ReportPath           : file:///C:\Users\AGOPAL\Downloads\cognizant-intelligent-test-scripter-2.0-setup\cognizant-intelligent-test-scripter-2.0\Projects\E Chat Mobile bot\Results\TestDesign\SC001_Request HSK with quantity\KT demo_Aria towel request\08-Jan-2025 14-19-57\summary.html
-----------------------------------------------------
[Thread-110] INFO com.cognizant.cognizantits.engine.support.DesktopApi - Trying to Open - C:\Users\AGOPAL\Downloads\cognizant-intelligent-test-scripter-2.0-setup\cognizant-intelligent-test-scripter-2.0\Projects\E Chat Mobile bot\Results\TestDesign\SC001_Request HSK with quantity\KT demo_Aria towel request\08-Jan-2025 14-19-57\summary.html
[Thread-110] INFO com.cognizant.cognizantits.engine.support.DesktopApi - Trying to exec: [explorer] [%s] [C:\Users\AGOPAL\Downloads\cognizant-intelligent-test-scripter-2.0-setup\cognizant-intelligent-test-scripter-2.0\Projects\E Chat Mobile bot\Results\TestDesign\SC001_Request HSK with quantity\KT demo_Aria towel request\08-Jan-2025 14-19-57\summary.html]
