Run Information
========================
cognizant.intelligent.test.scripter.engine : 2.0
java.runtime.name    : Java(TM) SE Runtime Environment
java.version         : 17.0.12
java.home            : C:\Program Files\Java\jdk-17
os.name              : Windows 10
os.arch              : amd64
os.version           : 10.0
file.encoding        : UTF-8
========================
Run Started on Tue Oct 01 18:06:23 IST 2024
Loading Browser Profile
Loading RunManager
[Scenario:SC001_Request HSK with quantity] [TestCase: TC001_Towel  request Aria] [Description: Test Run] [Browser: Edge] [BrowserVersion: default] [Platform: ANY][ExistingBrowser: false]
Initializing Report
[Thread-96] WARN com.cognizant.cognizantits.engine.core.TMIntegration - TM integration disabled for testcases running via design mode
ApiLink not available!!
Run Manager true
Continue Execution true
Shutting Down Thread as there is no need for SelectiveThreading
Running Iteration 1
Launching Edge
Launching Local Driver
2024-10-01 18:06:23:10S +0530 [SEVERE] com.cognizant.cognizantits.engine.core.Task onError:The driver executable does not exist: C:\Users\AGOPAL\Downloads\cognizant-intelligent-test-scripter-2.0-setup\cognizant-intelligent-test-scripter-2.0\lib\Drivers\MicrosoftWebDriver.exe
java.lang.IllegalStateException: The driver executable does not exist: C:\Users\AGOPAL\Downloads\cognizant-intelligent-test-scripter-2.0-setup\cognizant-intelligent-test-scripter-2.0\lib\Drivers\MicrosoftWebDriver.exe
	at com.google.common.base.Preconditions.checkState(Preconditions.java:585)
	at org.openqa.selenium.remote.service.DriverService.checkExecutable(DriverService.java:146)
	at org.openqa.selenium.remote.service.DriverService.findExecutable(DriverService.java:141)
	at org.openqa.selenium.edge.EdgeDriverService.access$000(EdgeDriverService.java:37)
	at org.openqa.selenium.edge.EdgeDriverService$Builder.findDefaultExecutable(EdgeDriverService.java:90)
	at org.openqa.selenium.remote.service.DriverService$Builder.build(DriverService.java:355)
	at org.openqa.selenium.edge.EdgeDriverService.createDefaultService(EdgeDriverService.java:70)
	at org.openqa.selenium.edge.EdgeDriver.<init>(EdgeDriver.java:130)
	at com.cognizant.cognizantits.engine.drivers.WebDriverFactory.create(WebDriverFactory.java:214)
	at com.cognizant.cognizantits.engine.drivers.WebDriverFactory.create(WebDriverFactory.java:168)
	at com.cognizant.cognizantits.engine.drivers.WebDriverFactory.create(WebDriverFactory.java:158)
	at com.cognizant.cognizantits.engine.drivers.SeleniumDriver.launchDriver(SeleniumDriver.java:66)
	at com.cognizant.cognizantits.engine.core.Task.launchBrowser(Task.java:155)
	at com.cognizant.cognizantits.engine.core.Task.runIteration(Task.java:125)
	at com.cognizant.cognizantits.engine.core.Task.run(Task.java:83)
	at java.base/java.util.concurrent.ThreadPoolExecutor.runWorker(ThreadPoolExecutor.java:1136)
	at java.base/java.util.concurrent.ThreadPoolExecutor$Worker.run(ThreadPoolExecutor.java:635)
	at java.base/java.lang.Thread.run(Thread.java:842)

[DEBUG]   | The driver executable does not exist: C:\Users\AGOPAL\Downloads\cognizant-intelligent-test-scripter-2.0-setup\cognizant-intelligent-test-scripter-2.0\lib\Drivers\MicrosoftWebDriver.exe

===================================================================================================

2024-10-01 18:06:23:10S +0530 [SEVERE] com.cognizant.cognizantits.engine.core.Task run:Cannot read field "StepNum" because the return value of "com.cognizant.cognizantits.engine.reporting.TestCaseReport.getStep()" is null
java.lang.NullPointerException: Cannot read field "StepNum" because the return value of "com.cognizant.cognizantits.engine.reporting.TestCaseReport.getStep()" is null
	at com.cognizant.cognizantits.engine.reporting.TestCaseReport.updateTestLog(TestCaseReport.java:188)
	at com.cognizant.cognizantits.engine.reporting.TestCaseReport.updateTestLog(TestCaseReport.java:159)
	at com.cognizant.cognizantits.engine.core.Task.onError(Task.java:192)
	at com.cognizant.cognizantits.engine.core.Task.onError(Task.java:180)
	at com.cognizant.cognizantits.engine.core.Task.runIteration(Task.java:137)
	at com.cognizant.cognizantits.engine.core.Task.run(Task.java:83)
	at java.base/java.util.concurrent.ThreadPoolExecutor.runWorker(ThreadPoolExecutor.java:1136)
	at java.base/java.util.concurrent.ThreadPoolExecutor$Worker.run(ThreadPoolExecutor.java:635)
	at java.base/java.lang.Thread.run(Thread.java:842)


---------------------------------------------------
Testcase Name        : SC001_Request HSK with quantity:TC001_Towel  request Aria
Executed Steps       : 1
Passed Steps         : 0
Failed Steps         : 0
Time Taken           : 00:00:00
-----------------------------------------------------

Run Finished on Tue Oct 01 18:06:23 IST 2024
-----------------------------------------------------
ExecutionDate        : 01-Oct-2024 18-06-23
Executed TestCases   : 1
Passed TestCases     : 0
Failed TestCases     : 1
Time Taken           : 00:00:00
ReportPath           : file:///C:\Users\AGOPAL\Downloads\cognizant-intelligent-test-scripter-2.0-setup\cognizant-intelligent-test-scripter-2.0\Projects\E Chat Mobile bot\Results\TestDesign\SC001_Request HSK with quantity\TC001_Towel  request Aria\01-Oct-2024 18-06-23\summary.html
-----------------------------------------------------
[Thread-96] INFO com.cognizant.cognizantits.engine.support.DesktopApi - Trying to Open - C:\Users\AGOPAL\Downloads\cognizant-intelligent-test-scripter-2.0-setup\cognizant-intelligent-test-scripter-2.0\Projects\E Chat Mobile bot\Results\TestDesign\SC001_Request HSK with quantity\TC001_Towel  request Aria\01-Oct-2024 18-06-23\summary.html
[Thread-96] INFO com.cognizant.cognizantits.engine.support.DesktopApi - Trying to exec: [explorer] [%s] [C:\Users\AGOPAL\Downloads\cognizant-intelligent-test-scripter-2.0-setup\cognizant-intelligent-test-scripter-2.0\Projects\E Chat Mobile bot\Results\TestDesign\SC001_Request HSK with quantity\TC001_Towel  request Aria\01-Oct-2024 18-06-23\summary.html]
